
Date YYYY-MM-DD, Time HH:MM:SS, of test (UTC).
     2007-12-06,      04:17:03


     CUnit - A unit testing framework for C - Version 2.1-0
     http://cunit.sourceforge.net/


Suite: GEODESY
  Test: GEODESY_GetReferenceEllipseParameters() ...passed
  Test: test_GEODESY_ConvertCoordinates() ...passed
  Test: GEODESY_ComputeNorthingEastingVertical() ...passed
  Test: GEODESY_ComputePositionDifference() ...passed
  Test: GEODESY_ComputeMeridianRadiusOfCurvature() ...passed
  Test: GEODESY_ComputePrimeVerticalRadiusOfCurvature() ...passed
  Test: GEODESY_ComputeMeridianArcBetweenTwoLatitudes() ...passed
  Test: GEODESY_ComputeParallelArcBetweenTwoLongitudes() ...passed
  Test: GEODESY_RotateVectorFromLocalGeodeticFrameToEarthFixedFrame() ...passed
  Test: GEODESY_RotateVectorFromEarthFixedFrameToLocalGeodeticFrame() ...passed
  Test: GEODESY_ComputeAzimuthAndElevationAnglesBetweenToPointsInTheEarthFixedFrame() ...passed
Suite: TIMECONV
  Test: TIMECONV_GetJulianDateFromGPSTime() ...passed
  Test: TIMECONV_GetJulianDateFromUTCTime() ...passed
  Test: TIMECONV_GetGPSTimeFromJulianDate() ...passed
  Test: TIMECONV_GetUTCTimeFromJulianDate() ...passed
  Test: TIMECONV_GetGPSTimeFromUTCTime() ...passed
  Test: TIMECONV_GetUTCTimeFromGPSTime() ...passed
  Test: TIMECONV_DetermineUTCOffset() ...passed
  Test: TIMECONV_GetNumberOfDaysInMonth() ...passed
  Test: TIMECONV_IsALeapYear() ...passed
  Test: TIMECONV_GetDayOfYear() ...passed
Suite: NOVATELOEM4
  Test: NOVATELOEM4_FindNextMessageInFile() ...passed
  Test: NOVATELOEM4_DecodeRANGEB() ...passed
  Test: NOVATELOEM4_DecodeRANGECMPB() ...passed
  Test: NOVATELOEM4_DecodeRAWEPHEMB() ...passed
Suite: YUMA
  Test: YUMA_ReadAlmanacDataFromFile() ...passed
  Test: YUMA_WriteAlmanacDataToFile() ...passed
  Test: YUMA_WriteSingleAlmanacElementToBuffer() ...FAILED
    1. ..\src\test_yuma.c:1256  - strcmp( buffer, test_buffer ) == 0
Suite: IONOSPHERE
  Test: IONOSPHERE_GetL1KlobucharCorrection() ...passed
Suite: RINEX
  Test: RINEX_GetHeader() ...passed
  Test: RINEX_DecodeHeader_ObservationFile() ...FAILED
    1. ..\src\test_rinex.c:169  - header.obs_types[2] == RINEX_OBS_TYPE_P2
    2. ..\src\test_rinex.c:170  - header.obs_types[3] == RINEX_OBS_TYPE_S2
  Test: RINEX_GetNextObservationSet() ...